{"/Users/aaron.woo/Desktop/repos/c0821-code-solutions/sgt-back-end-prac/index.js": {"path":"/Users/aaron.woo/Desktop/repos/c0821-code-solutions/sgt-back-end-prac/index.js","statementMap":{"0":{"start":{"line":1,"column":16},"end":{"line":1,"column":34}},"1":{"start":{"line":2,"column":12},"end":{"line":2,"column":21}},"2":{"start":{"line":3,"column":11},"end":{"line":3,"column":24}},"3":{"start":{"line":4,"column":11},"end":{"line":6,"column":2}},"4":{"start":{"line":8,"column":0},"end":{"line":10,"column":1}},"5":{"start":{"line":9,"column":4},"end":{"line":9,"column":41}},"6":{"start":{"line":12,"column":0},"end":{"line":28,"column":3}},"7":{"start":{"line":13,"column":14},"end":{"line":15,"column":5}},"8":{"start":{"line":18,"column":2},"end":{"line":26,"column":3}},"9":{"start":{"line":19,"column":26},"end":{"line":19,"column":45}},"10":{"start":{"line":20,"column":4},"end":{"line":20,"column":32}},"11":{"start":{"line":21,"column":4},"end":{"line":21,"column":33}},"12":{"start":{"line":23,"column":4},"end":{"line":25,"column":7}},"13":{"start":{"line":30,"column":0},"end":{"line":30,"column":24}},"14":{"start":{"line":32,"column":0},"end":{"line":59,"column":3}},"15":{"start":{"line":33,"column":34},"end":{"line":33,"column":42}},"16":{"start":{"line":34,"column":2},"end":{"line":38,"column":3}},"17":{"start":{"line":35,"column":4},"end":{"line":37,"column":7}},"18":{"start":{"line":40,"column":14},"end":{"line":44,"column":5}},"19":{"start":{"line":46,"column":17},"end":{"line":46,"column":38}},"20":{"start":{"line":48,"column":2},"end":{"line":58,"column":3}},"21":{"start":{"line":49,"column":26},"end":{"line":49,"column":53}},"22":{"start":{"line":50,"column":26},"end":{"line":50,"column":47}},"23":{"start":{"line":51,"column":4},"end":{"line":53,"column":7}},"24":{"start":{"line":55,"column":4},"end":{"line":57,"column":7}},"25":{"start":{"line":61,"column":0},"end":{"line":99,"column":3}},"26":{"start":{"line":62,"column":13},"end":{"line":62,"column":31}},"27":{"start":{"line":63,"column":34},"end":{"line":63,"column":42}},"28":{"start":{"line":65,"column":2},"end":{"line":70,"column":3}},"29":{"start":{"line":66,"column":4},"end":{"line":68,"column":7}},"30":{"start":{"line":69,"column":4},"end":{"line":69,"column":11}},"31":{"start":{"line":72,"column":14},"end":{"line":79,"column":5}},"32":{"start":{"line":80,"column":17},"end":{"line":80,"column":42}},"33":{"start":{"line":82,"column":2},"end":{"line":98,"column":3}},"34":{"start":{"line":83,"column":26},"end":{"line":83,"column":53}},"35":{"start":{"line":84,"column":25},"end":{"line":84,"column":46}},"36":{"start":{"line":85,"column":4},"end":{"line":90,"column":5}},"37":{"start":{"line":86,"column":6},"end":{"line":88,"column":9}},"38":{"start":{"line":89,"column":6},"end":{"line":89,"column":13}},"39":{"start":{"line":91,"column":4},"end":{"line":93,"column":7}},"40":{"start":{"line":95,"column":4},"end":{"line":97,"column":7}},"41":{"start":{"line":101,"column":0},"end":{"line":132,"column":3}},"42":{"start":{"line":102,"column":13},"end":{"line":102,"column":31}},"43":{"start":{"line":103,"column":2},"end":{"line":108,"column":3}},"44":{"start":{"line":104,"column":4},"end":{"line":106,"column":7}},"45":{"start":{"line":107,"column":4},"end":{"line":107,"column":11}},"46":{"start":{"line":110,"column":14},"end":{"line":114,"column":5}},"47":{"start":{"line":115,"column":17},"end":{"line":115,"column":21}},"48":{"start":{"line":117,"column":2},"end":{"line":131,"column":3}},"49":{"start":{"line":118,"column":26},"end":{"line":118,"column":53}},"50":{"start":{"line":119,"column":25},"end":{"line":119,"column":46}},"51":{"start":{"line":120,"column":4},"end":{"line":125,"column":5}},"52":{"start":{"line":121,"column":6},"end":{"line":123,"column":9}},"53":{"start":{"line":124,"column":6},"end":{"line":124,"column":13}},"54":{"start":{"line":126,"column":4},"end":{"line":126,"column":39}},"55":{"start":{"line":128,"column":4},"end":{"line":130,"column":7}},"56":{"start":{"line":134,"column":0},"end":{"line":134,"column":22}},"57":{"start":{"line":136,"column":0},"end":{"line":136,"column":21}}},"fnMap":{"0":{"name":"(anonymous_0)","decl":{"start":{"line":8,"column":14},"end":{"line":8,"column":15}},"loc":{"start":{"line":8,"column":34},"end":{"line":10,"column":1}},"line":8},"1":{"name":"(anonymous_1)","decl":{"start":{"line":12,"column":23},"end":{"line":12,"column":24}},"loc":{"start":{"line":12,"column":49},"end":{"line":28,"column":1}},"line":12},"2":{"name":"(anonymous_2)","decl":{"start":{"line":32,"column":24},"end":{"line":32,"column":25}},"loc":{"start":{"line":32,"column":50},"end":{"line":59,"column":1}},"line":32},"3":{"name":"(anonymous_3)","decl":{"start":{"line":61,"column":32},"end":{"line":61,"column":33}},"loc":{"start":{"line":61,"column":58},"end":{"line":99,"column":1}},"line":61},"4":{"name":"(anonymous_4)","decl":{"start":{"line":101,"column":35},"end":{"line":101,"column":36}},"loc":{"start":{"line":101,"column":55},"end":{"line":132,"column":1}},"line":101}},"branchMap":{"0":{"loc":{"start":{"line":34,"column":2},"end":{"line":38,"column":3}},"type":"if","locations":[{"start":{"line":34,"column":2},"end":{"line":38,"column":3}},{"start":{},"end":{}}],"line":34},"1":{"loc":{"start":{"line":34,"column":6},"end":{"line":34,"column":60}},"type":"binary-expr","locations":[{"start":{"line":34,"column":6},"end":{"line":34,"column":15}},{"start":{"line":34,"column":19},"end":{"line":34,"column":30}},{"start":{"line":34,"column":34},"end":{"line":34,"column":40}},{"start":{"line":34,"column":44},"end":{"line":34,"column":51}},{"start":{"line":34,"column":55},"end":{"line":34,"column":60}}],"line":34},"2":{"loc":{"start":{"line":65,"column":2},"end":{"line":70,"column":3}},"type":"if","locations":[{"start":{"line":65,"column":2},"end":{"line":70,"column":3}},{"start":{},"end":{}}],"line":65},"3":{"loc":{"start":{"line":65,"column":6},"end":{"line":65,"column":73}},"type":"binary-expr","locations":[{"start":{"line":65,"column":6},"end":{"line":65,"column":15}},{"start":{"line":65,"column":19},"end":{"line":65,"column":28}},{"start":{"line":65,"column":32},"end":{"line":65,"column":43}},{"start":{"line":65,"column":47},"end":{"line":65,"column":53}},{"start":{"line":65,"column":57},"end":{"line":65,"column":64}},{"start":{"line":65,"column":68},"end":{"line":65,"column":73}}],"line":65},"4":{"loc":{"start":{"line":85,"column":4},"end":{"line":90,"column":5}},"type":"if","locations":[{"start":{"line":85,"column":4},"end":{"line":90,"column":5}},{"start":{},"end":{}}],"line":85},"5":{"loc":{"start":{"line":103,"column":2},"end":{"line":108,"column":3}},"type":"if","locations":[{"start":{"line":103,"column":2},"end":{"line":108,"column":3}},{"start":{},"end":{}}],"line":103},"6":{"loc":{"start":{"line":120,"column":4},"end":{"line":125,"column":5}},"type":"if","locations":[{"start":{"line":120,"column":4},"end":{"line":125,"column":5}},{"start":{},"end":{}}],"line":120}},"s":{"0":1,"1":1,"2":1,"3":1,"4":1,"5":0,"6":1,"7":0,"8":0,"9":0,"10":0,"11":0,"12":0,"13":1,"14":1,"15":0,"16":0,"17":0,"18":0,"19":0,"20":0,"21":0,"22":0,"23":0,"24":0,"25":1,"26":0,"27":0,"28":0,"29":0,"30":0,"31":0,"32":0,"33":0,"34":0,"35":0,"36":0,"37":0,"38":0,"39":0,"40":0,"41":1,"42":0,"43":0,"44":0,"45":0,"46":0,"47":0,"48":0,"49":0,"50":0,"51":0,"52":0,"53":0,"54":0,"55":0,"56":1,"57":1},"f":{"0":0,"1":0,"2":0,"3":0,"4":0},"b":{"0":[0,0],"1":[0,0,0,0,0],"2":[0,0],"3":[0,0,0,0,0,0],"4":[0,0],"5":[0,0],"6":[0,0]},"_coverageSchema":"1a1c01bbd47fc00a2c39e90264f33305004495a9","hash":"0bcea28f446ee2bae912ebf457f35910bdfe261b"}
}
