TN:
SF:index.js
FN:8,(anonymous_0)
FN:12,(anonymous_1)
FN:32,(anonymous_2)
FN:61,(anonymous_3)
FN:101,(anonymous_4)
FNF:5
FNH:0
FNDA:0,(anonymous_0)
FNDA:0,(anonymous_1)
FNDA:0,(anonymous_2)
FNDA:0,(anonymous_3)
FNDA:0,(anonymous_4)
DA:1,1
DA:2,1
DA:3,1
DA:4,1
DA:8,1
DA:9,0
DA:12,1
DA:13,0
DA:18,0
DA:19,0
DA:20,0
DA:21,0
DA:23,0
DA:30,1
DA:32,1
DA:33,0
DA:34,0
DA:35,0
DA:40,0
DA:46,0
DA:48,0
DA:49,0
DA:50,0
DA:51,0
DA:55,0
DA:61,1
DA:62,0
DA:63,0
DA:65,0
DA:66,0
DA:69,0
DA:72,0
DA:80,0
DA:82,0
DA:83,0
DA:84,0
DA:85,0
DA:86,0
DA:89,0
DA:91,0
DA:95,0
DA:101,1
DA:102,0
DA:103,0
DA:104,0
DA:107,0
DA:110,0
DA:115,0
DA:117,0
DA:118,0
DA:119,0
DA:120,0
DA:121,0
DA:124,0
DA:126,0
DA:128,0
DA:134,1
DA:136,1
LF:58
LH:12
BRDA:34,0,0,0
BRDA:34,0,1,0
BRDA:34,1,0,0
BRDA:34,1,1,0
BRDA:34,1,2,0
BRDA:34,1,3,0
BRDA:34,1,4,0
BRDA:65,2,0,0
BRDA:65,2,1,0
BRDA:65,3,0,0
BRDA:65,3,1,0
BRDA:65,3,2,0
BRDA:65,3,3,0
BRDA:65,3,4,0
BRDA:65,3,5,0
BRDA:85,4,0,0
BRDA:85,4,1,0
BRDA:103,5,0,0
BRDA:103,5,1,0
BRDA:120,6,0,0
BRDA:120,6,1,0
BRF:21
BRH:0
end_of_record
